==25407== Memcheck, a memory error detector
==25407== Copyright (C) 2002-2013, and GNU GPL'd, by Julian Seward et al.
==25407== Using Valgrind-3.10.0 and LibVEX; rerun with -h for copyright info
==25407== Command: root.exe -q -b /home/marc/LinuxSystemFiles/WChSandBox/WChSandBox_v1/callcode.cxx
==25407== Parent PID: 25240
==25407== 
--25407-- 
--25407-- Valgrind options:
--25407--    --tool=memcheck
--25407--    --leak-check=full
--25407--    --log-file=rooterror.out
--25407--    --suppressions=/home/marc/LinuxSystemFiles/ROOT/root-5.34.09/install/etc/valgrind-root.supp
--25407--    -v
--25407-- Contents of /proc/version:
--25407--   Linux version 3.2.0-4-amd64 (debian-kernel@lists.debian.org) (gcc version 4.6.3 (Debian 4.6.3-14) ) #1 SMP Debian 3.2.57-3
--25407-- Arch and hwcaps: AMD64, LittleEndian, amd64-cx16-sse3
--25407-- Page sizes: currently 4096, max supported 4096
--25407-- Valgrind library directory: /usr/lib/valgrind
--25407-- Reading syms from /home/marc/LinuxSystemFiles/ROOT/root-5.34.09/install/bin/root.exe
--25407-- Reading syms from /lib/x86_64-linux-gnu/ld-2.19.so
--25407--   Considering /lib/x86_64-linux-gnu/ld-2.19.so ..
--25407--   .. CRC mismatch (computed 65ef7209 wanted 26b223d2)
--25407--   Considering /usr/lib/debug/lib/x86_64-linux-gnu/ld-2.19.so ..
--25407--   .. CRC is valid
--25407-- Reading syms from /usr/lib/valgrind/memcheck-amd64-linux
--25407--   Considering /usr/lib/valgrind/memcheck-amd64-linux ..
--25407--   .. CRC mismatch (computed 948bf0bc wanted d423983b)
--25407--   Considering /usr/lib/debug/usr/lib/valgrind/memcheck-amd64-linux ..
--25407--   .. CRC is valid
--25407--    object doesn't have a dynamic symbol table
--25407-- Scheduler: using generic scheduler lock implementation.
--25407-- Reading suppressions file: /home/marc/LinuxSystemFiles/ROOT/root-5.34.09/install/etc/valgrind-root.supp
--25407-- Reading suppressions file: /usr/lib/valgrind/default.supp
==25407== embedded gdbserver: reading from /tmp/vgdb-pipe-from-vgdb-to-25407-by-marc-on-???
==25407== embedded gdbserver: writing to   /tmp/vgdb-pipe-to-vgdb-from-25407-by-marc-on-???
==25407== embedded gdbserver: shared mem   /tmp/vgdb-pipe-shared-mem-vgdb-25407-by-marc-on-???
==25407== 
==25407== TO CONTROL THIS PROCESS USING vgdb (which you probably
==25407== don't want to do, unless you know exactly what you're doing,
==25407== or are doing some strange experiment):
==25407==   /usr/lib/valgrind/../../bin/vgdb --pid=25407 ...command...
==25407== 
==25407== TO DEBUG THIS PROCESS USING GDB: start GDB like this
==25407==   /path/to/gdb root.exe
==25407== and then give GDB the following command
==25407==   target remote | /usr/lib/valgrind/../../bin/vgdb --pid=25407
==25407== --pid is optional if only one valgrind process is running
==25407== 
--25407-- REDIR: 0x4017950 (ld-linux-x86-64.so.2:strlen) redirected to 0x380bd821 (vgPlain_amd64_linux_REDIR_FOR_strlen)
--25407-- Reading syms from /usr/lib/valgrind/vgpreload_core-amd64-linux.so
--25407--   Considering /usr/lib/valgrind/vgpreload_core-amd64-linux.so ..
--25407--   .. CRC mismatch (computed 9771ef88 wanted e8eb00cf)
--25407--   Considering /usr/lib/debug/usr/lib/valgrind/vgpreload_core-amd64-linux.so ..
--25407--   .. CRC is valid
--25407-- Reading syms from /usr/lib/valgrind/vgpreload_memcheck-amd64-linux.so
--25407--   Considering /usr/lib/valgrind/vgpreload_memcheck-amd64-linux.so ..
--25407--   .. CRC mismatch (computed c7f6cf2f wanted fb419f04)
--25407--   Considering /usr/lib/debug/usr/lib/valgrind/vgpreload_memcheck-amd64-linux.so ..
--25407--   .. CRC is valid
==25407== WARNING: new redirection conflicts with existing -- ignoring it
--25407--     old: 0x04017950 (strlen              ) R-> (0000.0) 0x380bd821 vgPlain_amd64_linux_REDIR_FOR_strlen
--25407--     new: 0x04017950 (strlen              ) R-> (2007.0) 0x04c2c260 strlen
--25407-- REDIR: 0x4017920 (ld-linux-x86-64.so.2:strcmp) redirected to 0x4c2d310 (strcmp)
--25407-- REDIR: 0x4017700 (ld-linux-x86-64.so.2:index) redirected to 0x4c2be10 (index)
--25407-- REDIR: 0x4018650 (ld-linux-x86-64.so.2:mempcpy) redirected to 0x4c2fe60 (mempcpy)
--25407-- Reading syms from /home/marc/LinuxSystemFiles/gtk3-nocsd/gtk3-nocsd-master/libgtk3-nocsd.so.0
--25407-- Reading syms from /home/marc/LinuxSystemFiles/ROOT/root-5.34.09/install/lib/libCore.so
--25407-- Reading syms from /home/marc/LinuxSystemFiles/ROOT/root-5.34.09/install/lib/libRint.so
--25407-- Reading syms from /usr/lib/x86_64-linux-gnu/libstdc++.so.6.0.20
--25407--   Considering /usr/lib/x86_64-linux-gnu/libstdc++.so.6.0.20 ..
--25407--   .. CRC mismatch (computed f6d204a2 wanted d62b96d7)
--25407--    object doesn't have a symbol table
--25407-- Reading syms from /lib/x86_64-linux-gnu/libgcc_s.so.1
--25407--   Considering /lib/x86_64-linux-gnu/libgcc_s.so.1 ..
--25407--   .. CRC mismatch (computed e1528828 wanted 15fbad25)
--25407--    object doesn't have a symbol table
--25407-- Reading syms from /lib/x86_64-linux-gnu/libpthread-2.19.so
--25407--   Considering /lib/x86_64-linux-gnu/libpthread-2.19.so ..
--25407--   .. CRC mismatch (computed 905a2e3f wanted f3e1fe3e)
--25407--   Considering /usr/lib/debug/lib/x86_64-linux-gnu/libpthread-2.19.so ..
--25407--   .. CRC is valid
--25407-- Reading syms from /lib/x86_64-linux-gnu/libc-2.19.so
--25407--   Considering /lib/x86_64-linux-gnu/libc-2.19.so ..
--25407--   .. CRC mismatch (computed e5556398 wanted 5318f0bf)
--25407--   Considering /usr/lib/debug/lib/x86_64-linux-gnu/libc-2.19.so ..
--25407--   .. CRC is valid
--25407-- Reading syms from /lib/x86_64-linux-gnu/libdl-2.19.so
--25407--   Considering /lib/x86_64-linux-gnu/libdl-2.19.so ..
--25407--   .. CRC mismatch (computed e35fe838 wanted 3fdf1db4)
--25407--   Considering /usr/lib/debug/lib/x86_64-linux-gnu/libdl-2.19.so ..
--25407--   .. CRC is valid
--25407-- Reading syms from /lib/x86_64-linux-gnu/libz.so.1.2.8
--25407--    object doesn't have a symbol table
--25407-- Reading syms from /lib/x86_64-linux-gnu/libpcre.so.3.13.1
--25407--   Considering /lib/x86_64-linux-gnu/libpcre.so.3.13.1 ..
--25407--   .. CRC mismatch (computed ed51cbac wanted add6bfd3)
--25407--    object doesn't have a symbol table
--25407-- Reading syms from /home/marc/LinuxSystemFiles/ROOT/root-5.34.09/install/lib/libCint.so
--25407-- Reading syms from /lib/x86_64-linux-gnu/libm-2.19.so
--25407--   Considering /lib/x86_64-linux-gnu/libm-2.19.so ..
--25407--   .. CRC mismatch (computed 37fdd597 wanted c8a3e7b6)
--25407--   Considering /usr/lib/debug/lib/x86_64-linux-gnu/libm-2.19.so ..
--25407--   .. CRC is valid
--25407-- REDIR: 0x63f4e10 (libc.so.6:strcasecmp) redirected to 0x4a23730 (_vgnU_ifunc_wrapper)
--25407-- REDIR: 0x63f7100 (libc.so.6:strncasecmp) redirected to 0x4a23730 (_vgnU_ifunc_wrapper)
--25407-- REDIR: 0x63f45e0 (libc.so.6:memcpy@GLIBC_2.2.5) redirected to 0x4a23730 (_vgnU_ifunc_wrapper)
--25407-- REDIR: 0x63f4000 (libc.so.6:bcmp) redirected to 0x4a23730 (_vgnU_ifunc_wrapper)
--25407-- REDIR: 0x63f97e0 (libc.so.6:memcpy@@GLIBC_2.14) redirected to 0x4a23730 (_vgnU_ifunc_wrapper)
--25407-- REDIR: 0x63eedc0 (libc.so.6:strcat) redirected to 0x4a23730 (_vgnU_ifunc_wrapper)
--25407-- REDIR: 0x63f06a0 (libc.so.6:strcpy) redirected to 0x4a23730 (_vgnU_ifunc_wrapper)
--25407-- REDIR: 0x63f3a70 (libc.so.6:strstr) redirected to 0x4a23730 (_vgnU_ifunc_wrapper)
--25407-- REDIR: 0x63f2960 (libc.so.6:rindex) redirected to 0x4c2baf0 (rindex)
--25407-- REDIR: 0x63f0c60 (libc.so.6:strlen) redirected to 0x4c2c1a0 (strlen)
--25407-- REDIR: 0x5c90390 (libstdc++.so.6:operator new[](unsigned long)) redirected to 0x4c29830 (operator new[](unsigned long))
--25407-- REDIR: 0x63ff700 (libc.so.6:__memcpy_sse2_unaligned) redirected to 0x4c2d6f0 (memcpy@@GLIBC_2.14)
--25407-- REDIR: 0x63f4040 (libc.so.6:__GI_memcmp) redirected to 0x4c2eca0 (__GI_memcmp)
--25407-- REDIR: 0x63ef210 (libc.so.6:strcmp) redirected to 0x4a23730 (_vgnU_ifunc_wrapper)
--25407-- REDIR: 0x63ff450 (libc.so.6:__strcmp_sse2_unaligned) redirected to 0x4c2d1d0 (strcmp)
--25407-- REDIR: 0x5c902d0 (libstdc++.so.6:operator new(unsigned long)) redirected to 0x4c29110 (operator new(unsigned long))
--25407-- REDIR: 0x63f4670 (libc.so.6:memset) redirected to 0x4c2f3f0 (memset)
--25407-- REDIR: 0x64a41b0 (libc.so.6:__memmove_ssse3_back) redirected to 0x4c2d470 (memcpy@GLIBC_2.2.5)
--25407-- REDIR: 0x5c8e5b0 (libstdc++.so.6:operator delete(void*)) redirected to 0x4c2a2f0 (operator delete(void*))
--25407-- REDIR: 0x63f1080 (libc.so.6:strncmp) redirected to 0x4a23730 (_vgnU_ifunc_wrapper)
--25407-- REDIR: 0x648c420 (libc.so.6:__strncmp_sse42) redirected to 0x4c2ca30 (__strncmp_sse42)
--25407-- REDIR: 0x63eefc0 (libc.so.6:index) redirected to 0x4a23730 (_vgnU_ifunc_wrapper)
--25407-- REDIR: 0x63eeff0 (libc.so.6:__GI_strchr) redirected to 0x4c2bc50 (__GI_strchr)
--25407-- REDIR: 0x64042c0 (libc.so.6:__strcpy_sse2_unaligned) redirected to 0x4c2c280 (strcpy)
--25407-- REDIR: 0x64b4180 (libc.so.6:__memcmp_sse4_1) redirected to 0x4c2ed20 (__memcmp_sse4_1)
--25407-- REDIR: 0x63eb980 (libc.so.6:calloc) redirected to 0x4c2ac90 (calloc)
--25407-- REDIR: 0xffffffffff600000 (???:???) redirected to 0x380bd803 (vgPlain_amd64_linux_REDIR_FOR_vgettimeofday)
--25407-- REDIR: 0x63f9830 (libc.so.6:__GI_memcpy) redirected to 0x4c2dd10 (__GI_memcpy)
--25407-- REDIR: 0x63a67d0 (libc.so.6:setenv) redirected to 0x4c30700 (setenv)
--25407-- REDIR: 0x63f10d0 (libc.so.6:__GI_strncmp) redirected to 0x4c2c950 (__GI_strncmp)
--25407-- REDIR: 0x63eb010 (libc.so.6:malloc) redirected to 0x4c28bb0 (malloc)
--25407-- REDIR: 0x5c8e5d0 (libstdc++.so.6:operator delete[](void*)) redirected to 0x4c2a870 (operator delete[](void*))
--25407-- REDIR: 0x63f35b0 (libc.so.6:__GI_strstr) redirected to 0x4c300e0 (__strstr_sse2)
--25407-- REDIR: 0x63f3cb0 (libc.so.6:memchr) redirected to 0x4c2d3b0 (memchr)
--25407-- REDIR: 0x63fb7a0 (libc.so.6:strchrnul) redirected to 0x4c2fa80 (strchrnul)
--25407-- REDIR: 0x63eb650 (libc.so.6:free) redirected to 0x4c29e20 (free)
--25407-- REDIR: 0x63ef250 (libc.so.6:__GI_strcmp) redirected to 0x4c2d220 (__GI_strcmp)
--25407-- REDIR: 0x63f4ca0 (libc.so.6:__GI_stpcpy) redirected to 0x4c2eeb0 (__GI_stpcpy)
--25407-- Reading syms from /lib/x86_64-linux-gnu/libnss_compat-2.19.so
--25407--   Considering /lib/x86_64-linux-gnu/libnss_compat-2.19.so ..
--25407--   .. CRC mismatch (computed cd218bc1 wanted 4035e739)
--25407--   Considering /usr/lib/debug/lib/x86_64-linux-gnu/libnss_compat-2.19.so ..
--25407--   .. CRC is valid
--25407-- Reading syms from /lib/x86_64-linux-gnu/libnsl-2.19.so
--25407--   Considering /lib/x86_64-linux-gnu/libnsl-2.19.so ..
--25407--   .. CRC mismatch (computed e847ac9e wanted 8547a398)
--25407--   Considering /usr/lib/debug/lib/x86_64-linux-gnu/libnsl-2.19.so ..
--25407--   .. CRC is valid
--25407-- REDIR: 0x63f06e0 (libc.so.6:__GI_strcpy) redirected to 0x4c2c350 (__GI_strcpy)
--25407-- Reading syms from /lib/x86_64-linux-gnu/libnss_nis-2.19.so
--25407--   Considering /lib/x86_64-linux-gnu/libnss_nis-2.19.so ..
--25407--   .. CRC mismatch (computed 19f9d1c9 wanted dd684ba2)
--25407--   Considering /usr/lib/debug/lib/x86_64-linux-gnu/libnss_nis-2.19.so ..
--25407--   .. CRC is valid
--25407-- Reading syms from /lib/x86_64-linux-gnu/libnss_files-2.19.so
--25407--   Considering /lib/x86_64-linux-gnu/libnss_files-2.19.so ..
--25407--   .. CRC mismatch (computed 2e8f5878 wanted 94f7ac29)
--25407--   Considering /usr/lib/debug/lib/x86_64-linux-gnu/libnss_files-2.19.so ..
--25407--   .. CRC is valid
--25407-- REDIR: 0x63f2920 (libc.so.6:strncpy) redirected to 0x4a23730 (_vgnU_ifunc_wrapper)
--25407-- REDIR: 0x64048f0 (libc.so.6:__strncpy_sse2_unaligned) redirected to 0x4c2c7b0 (__strncpy_sse2_unaligned)
--25407-- REDIR: 0x6408960 (libc.so.6:__strstr_sse2_unaligned) redirected to 0x4c30050 (strstr)
--25407-- REDIR: 0x63f0e20 (libc.so.6:strnlen) redirected to 0x4c2c120 (strnlen)
--25407-- REDIR: 0x63eb6e0 (libc.so.6:realloc) redirected to 0x4c2aeb0 (realloc)
--25407-- REDIR: 0x648d400 (libc.so.6:__strcasecmp_sse42) redirected to 0x4c2caa0 (strcasecmp)
--25407-- REDIR: 0x64070e0 (libc.so.6:__strcat_sse2_unaligned) redirected to 0x4c2be50 (strcat)
--25407-- REDIR: 0x63fb590 (libc.so.6:rawmemchr) redirected to 0x4c2fab0 (rawmemchr)
--25407-- REDIR: 0x63ff340 (libc.so.6:__GI_strncpy) redirected to 0x4c2c550 (__GI_strncpy)
--25407-- REDIR: 0x648efb0 (libc.so.6:__strncasecmp_sse42) redirected to 0x4c2cb80 (strncasecmp)
--25407-- REDIR: 0x63f4440 (libc.so.6:__GI_memmove) redirected to 0x4c2f720 (__GI_memmove)
--25407-- Reading syms from /home/marc/LinuxSystemFiles/ROOT/root-5.34.09/install/lib/libMathCore.so
--25407-- REDIR: 0x40187a0 (ld-linux-x86-64.so.2:stpcpy) redirected to 0x4c2f1f0 (stpcpy)
--25407-- REDIR: 0x63f2fd0 (libc.so.6:strspn) redirected to 0x4a23730 (_vgnU_ifunc_wrapper)
--25407-- REDIR: 0x64911e0 (libc.so.6:__strspn_sse42) redirected to 0x4c302d0 (strspn)
--25407-- REDIR: 0x63f1040 (libc.so.6:strncat) redirected to 0x4a23730 (_vgnU_ifunc_wrapper)
--25407-- REDIR: 0x64079d0 (libc.so.6:__strncat_sse2_unaligned) redirected to 0x4c2c010 (strncat)
--25407-- Reading syms from /home/marc/LinuxSystemFiles/ROOT/root-5.34.09/install/lib/libThread.so
--25407-- Reading syms from /home/marc/LinuxSystemFiles/ROOT/root-5.34.09/install/lib/libRIO.so
--25407-- Reading syms from /home/marc/LinuxSystemFiles/ROOT/root-5.34.09/install/lib/libMatrix.so
--25407-- Reading syms from /home/marc/LinuxSystemFiles/ROOT/root-5.34.09/install/lib/libHist.so
--25407-- Reading syms from /home/marc/LinuxSystemFiles/ROOT/root-5.34.09/install/lib/libNet.so
--25407-- Reading syms from /usr/lib/x86_64-linux-gnu/libcrypto.so.1.0.0
--25407--    object doesn't have a symbol table
--25407-- Reading syms from /usr/lib/x86_64-linux-gnu/libssl.so.1.0.0
--25407--    object doesn't have a symbol table
--25407-- Reading syms from /home/marc/LinuxSystemFiles/ROOT/root-5.34.09/install/lib/libTree.so
--25407-- Reading syms from /home/marc/LinuxSystemFiles/ROOT/root-5.34.09/install/lib/libGraf.so
--25407-- Reading syms from /usr/lib/x86_64-linux-gnu/libfreetype.so.6.8.1
--25407--    object doesn't have a symbol table
--25407-- Reading syms from /home/marc/LinuxSystemFiles/ROOT/root-5.34.09/install/lib/libGpad.so
--25407-- Reading syms from /home/marc/LinuxSystemFiles/ROOT/root-5.34.09/install/lib/libGraf3d.so
--25407-- Reading syms from /home/marc/LinuxSystemFiles/ROOT/root-5.34.09/install/lib/libTreePlayer.so
--25407-- Reading syms from /home/marc/LinuxSystemFiles/ROOT/root-5.34.09/install/lib/libSpectrum.so
--25407-- Reading syms from /home/marc/LinuxSystemFiles/WChSandBox/WChSandBox_v1/addmrdplots_cxx.so
--25407-- REDIR: 0xffffffffff600400 (???:???) redirected to 0x380bd80d (vgPlain_amd64_linux_REDIR_FOR_vtime)
--25407-- REDIR: 0x63f2c50 (libc.so.6:strpbrk) redirected to 0x4a23730 (_vgnU_ifunc_wrapper)
--25407-- REDIR: 0x64910c0 (libc.so.6:__strpbrk_sse42) redirected to 0x4c30200 (strpbrk)
==25407== Invalid write of size 8
==25407==    at 0x9E83429: TBufferFile::ReadFastArray(double*, int) (in /home/marc/LinuxSystemFiles/ROOT/root-5.34.09/install/lib/libRIO.so)
==25407==    by 0xB815C3D: TBranch::GetEntry(long long, int) (in /home/marc/LinuxSystemFiles/ROOT/root-5.34.09/install/lib/libTree.so)
==25407==    by 0xD2A615E: splitindividualsources(TTree*) (addmrdplots.cxx:685)
==25407==    by 0xD2A3151: addmrdplots(char const*, char const*) (addmrdplots.cxx:98)
==25407==    by 0xD2ACD2D: G__addmrdplots_cxx_ACLiC_dict__0_2118(G__value*, char const*, G__param*, int) (addmrdplots_cxx_ACLiC_dict.cxx:169)
==25407==    by 0x6EDA76C: Cint::G__ExceptionWrapper(int (*)(G__value*, char const*, G__param*, int), G__value*, char*, G__param*, int) (in /home/marc/LinuxSystemFiles/ROOT/root-5.34.09/install/lib/libCint.so)
==25407==    by 0x6E167A6: G__execute_call (in /home/marc/LinuxSystemFiles/ROOT/root-5.34.09/install/lib/libCint.so)
==25407==    by 0x6E16B64: G__call_cppfunc (in /home/marc/LinuxSystemFiles/ROOT/root-5.34.09/install/lib/libCint.so)
==25407==    by 0x6EBA084: G__interpret_func (in /home/marc/LinuxSystemFiles/ROOT/root-5.34.09/install/lib/libCint.so)
==25407==    by 0x6F284F4: G__getfunction (in /home/marc/LinuxSystemFiles/ROOT/root-5.34.09/install/lib/libCint.so)
==25407==    by 0x6F301A5: G__getitem (in /home/marc/LinuxSystemFiles/ROOT/root-5.34.09/install/lib/libCint.so)
==25407==    by 0x6F35604: G__getexpr (in /home/marc/LinuxSystemFiles/ROOT/root-5.34.09/install/lib/libCint.so)
==25407==  Address 0x1048bb40 is 0 bytes after a block of size 208 alloc'd
==25407==    at 0x4C298A0: operator new[](unsigned long) (vg_replace_malloc.c:389)
==25407==    by 0xD2A6092: splitindividualsources(TTree*) (addmrdplots.cxx:681)
==25407==    by 0xD2A3151: addmrdplots(char const*, char const*) (addmrdplots.cxx:98)
==25407==    by 0xD2ACD2D: G__addmrdplots_cxx_ACLiC_dict__0_2118(G__value*, char const*, G__param*, int) (addmrdplots_cxx_ACLiC_dict.cxx:169)
==25407==    by 0x6EDA76C: Cint::G__ExceptionWrapper(int (*)(G__value*, char const*, G__param*, int), G__value*, char*, G__param*, int) (in /home/marc/LinuxSystemFiles/ROOT/root-5.34.09/install/lib/libCint.so)
==25407==    by 0x6E167A6: G__execute_call (in /home/marc/LinuxSystemFiles/ROOT/root-5.34.09/install/lib/libCint.so)
==25407==    by 0x6E16B64: G__call_cppfunc (in /home/marc/LinuxSystemFiles/ROOT/root-5.34.09/install/lib/libCint.so)
==25407==    by 0x6EBA084: G__interpret_func (in /home/marc/LinuxSystemFiles/ROOT/root-5.34.09/install/lib/libCint.so)
==25407==    by 0x6F284F4: G__getfunction (in /home/marc/LinuxSystemFiles/ROOT/root-5.34.09/install/lib/libCint.so)
==25407==    by 0x6F301A5: G__getitem (in /home/marc/LinuxSystemFiles/ROOT/root-5.34.09/install/lib/libCint.so)
==25407==    by 0x6F35604: G__getexpr (in /home/marc/LinuxSystemFiles/ROOT/root-5.34.09/install/lib/libCint.so)
==25407==    by 0x6E03B5B: G__exec_statement (in /home/marc/LinuxSystemFiles/ROOT/root-5.34.09/install/lib/libCint.so)
==25407== 
--25407-- VALGRIND INTERNAL ERROR: Valgrind received a signal 11 (SIGSEGV) - exiting
--25407-- si_code=80;  Faulting address: 0x0;  sp: 0x802d95db0

valgrind: the 'impossible' happened:
   Killed by fatal signal

host stacktrace:
==25407==    at 0x380AFAF5: get_bszB_as_is (m_mallocfree.c:301)
==25407==    by 0x380AFAF5: get_bszB (m_mallocfree.c:312)
==25407==    by 0x380AFAF5: set_next_b (m_mallocfree.c:418)
==25407==    by 0x380AFAF5: unlinkBlock (m_mallocfree.c:1636)
==25407==    by 0x380B1D33: vgPlain_arena_malloc (m_mallocfree.c:1815)
==25407==    by 0x38072784: vgMemCheck_new_block (mc_malloc_wrappers.c:350)
==25407==    by 0x38072A09: vgMemCheck___builtin_vec_new (mc_malloc_wrappers.c:405)
==25407==    by 0x380F6D27: do_client_request (scheduler.c:1840)
==25407==    by 0x380F6D27: vgPlain_scheduler (scheduler.c:1409)
==25407==    by 0x38105B60: thread_wrapper (syswrap-linux.c:103)
==25407==    by 0x38105B60: run_a_thread_NORETURN (syswrap-linux.c:156)

sched status:
  running_tid=1

Thread 1: status = VgTs_Runnable
==25407==    at 0x4C298A0: operator new[](unsigned long) (vg_replace_malloc.c:389)
==25407==    by 0xB7FBE78: TLeafI::SetAddress(void*) (in /home/marc/LinuxSystemFiles/ROOT/root-5.34.09/install/lib/libTree.so)
==25407==    by 0xB812E43: TBranch::ResetAddress() (in /home/marc/LinuxSystemFiles/ROOT/root-5.34.09/install/lib/libTree.so)
==25407==    by 0xB7E0343: TTree::ResetBranchAddresses() (in /home/marc/LinuxSystemFiles/ROOT/root-5.34.09/install/lib/libTree.so)
==25407==    by 0xD2A5D7A: splitindividualsources(TTree*) (addmrdplots.cxx:648)
==25407==    by 0xD2A3151: addmrdplots(char const*, char const*) (addmrdplots.cxx:98)
==25407==    by 0xD2ACD2D: G__addmrdplots_cxx_ACLiC_dict__0_2118(G__value*, char const*, G__param*, int) (addmrdplots_cxx_ACLiC_dict.cxx:169)
==25407==    by 0x6EDA76C: Cint::G__ExceptionWrapper(int (*)(G__value*, char const*, G__param*, int), G__value*, char*, G__param*, int) (in /home/marc/LinuxSystemFiles/ROOT/root-5.34.09/install/lib/libCint.so)
==25407==    by 0x6E167A6: G__execute_call (in /home/marc/LinuxSystemFiles/ROOT/root-5.34.09/install/lib/libCint.so)
==25407==    by 0x6E16B64: G__call_cppfunc (in /home/marc/LinuxSystemFiles/ROOT/root-5.34.09/install/lib/libCint.so)
==25407==    by 0x6EBA084: G__interpret_func (in /home/marc/LinuxSystemFiles/ROOT/root-5.34.09/install/lib/libCint.so)
==25407==    by 0x6F284F4: G__getfunction (in /home/marc/LinuxSystemFiles/ROOT/root-5.34.09/install/lib/libCint.so)
==25407==    by 0x6F301A5: G__getitem (in /home/marc/LinuxSystemFiles/ROOT/root-5.34.09/install/lib/libCint.so)
==25407==    by 0x6F35604: G__getexpr (in /home/marc/LinuxSystemFiles/ROOT/root-5.34.09/install/lib/libCint.so)
==25407==    by 0x6E03B5B: G__exec_statement (in /home/marc/LinuxSystemFiles/ROOT/root-5.34.09/install/lib/libCint.so)
==25407==    by 0x6EC2165: G__exec_tempfile_core (in /home/marc/LinuxSystemFiles/ROOT/root-5.34.09/install/lib/libCint.so)
==25407==    by 0x6EC364D: G__exec_tempfile_fp (in /home/marc/LinuxSystemFiles/ROOT/root-5.34.09/install/lib/libCint.so)
==25407==    by 0x6DF3C58: G__process_cmd (in /home/marc/LinuxSystemFiles/ROOT/root-5.34.09/install/lib/libCint.so)
==25407==    by 0x5258CDF: TCint::ProcessLine(char const*, TInterpreter::EErrorCode*) (in /home/marc/LinuxSystemFiles/ROOT/root-5.34.09/install/lib/libCore.so)
==25407==    by 0x522F3C1: TApplication::ProcessLine(char const*, bool, int*) (in /home/marc/LinuxSystemFiles/ROOT/root-5.34.09/install/lib/libCore.so)
==25407==    by 0x51FE37B: TROOT::ProcessLine(char const*, int*) (in /home/marc/LinuxSystemFiles/ROOT/root-5.34.09/install/lib/libCore.so)
==25407==    by 0x5439D7F: G__G__Base2_345_0_108(G__value*, char const*, G__param*, int) (in /home/marc/LinuxSystemFiles/ROOT/root-5.34.09/install/lib/libCore.so)
==25407==    by 0x6EDA76C: Cint::G__ExceptionWrapper(int (*)(G__value*, char const*, G__param*, int), G__value*, char*, G__param*, int) (in /home/marc/LinuxSystemFiles/ROOT/root-5.34.09/install/lib/libCint.so)
==25407==    by 0x6E167A6: G__execute_call (in /home/marc/LinuxSystemFiles/ROOT/root-5.34.09/install/lib/libCint.so)
==25407==    by 0x6E16B64: G__call_cppfunc (in /home/marc/LinuxSystemFiles/ROOT/root-5.34.09/install/lib/libCint.so)
==25407==    by 0x6EBA084: G__interpret_func (in /home/marc/LinuxSystemFiles/ROOT/root-5.34.09/install/lib/libCint.so)
==25407==    by 0x6F28496: G__getfunction (in /home/marc/LinuxSystemFiles/ROOT/root-5.34.09/install/lib/libCint.so)
==25407==    by 0x6E99BF4: G__getstructmem(int, G__FastAllocString&, char*, int, char*, int*, G__var_array*, int) (in /home/marc/LinuxSystemFiles/ROOT/root-5.34.09/install/lib/libCint.so)
==25407==    by 0x6E91168: G__getvariable (in /home/marc/LinuxSystemFiles/ROOT/root-5.34.09/install/lib/libCint.so)
==25407==    by 0x6F2FC98: G__getitem (in /home/marc/LinuxSystemFiles/ROOT/root-5.34.09/install/lib/libCint.so)
==25407==    by 0x6F35604: G__getexpr (in /home/marc/LinuxSystemFiles/ROOT/root-5.34.09/install/lib/libCint.so)
==25407==    by 0x6E03B5B: G__exec_statement (in /home/marc/LinuxSystemFiles/ROOT/root-5.34.09/install/lib/libCint.so)
==25407==    by 0x6EC2165: G__exec_tempfile_core (in /home/marc/LinuxSystemFiles/ROOT/root-5.34.09/install/lib/libCint.so)
==25407==    by 0x6EC366A: G__exec_tempfile (in /home/marc/LinuxSystemFiles/ROOT/root-5.34.09/install/lib/libCint.so)
==25407==    by 0x6DF8C90: G__process_cmd (in /home/marc/LinuxSystemFiles/ROOT/root-5.34.09/install/lib/libCint.so)
==25407==    by 0x5258CDF: TCint::ProcessLine(char const*, TInterpreter::EErrorCode*) (in /home/marc/LinuxSystemFiles/ROOT/root-5.34.09/install/lib/libCore.so)
==25407==    by 0x5251EBA: TCint::ProcessLineSynch(char const*, TInterpreter::EErrorCode*) (in /home/marc/LinuxSystemFiles/ROOT/root-5.34.09/install/lib/libCore.so)
==25407==    by 0x523021B: TApplication::ExecuteFile(char const*, int*, bool) (in /home/marc/LinuxSystemFiles/ROOT/root-5.34.09/install/lib/libCore.so)
==25407==    by 0x522F7B7: TApplication::ProcessLine(char const*, bool, int*) (in /home/marc/LinuxSystemFiles/ROOT/root-5.34.09/install/lib/libCore.so)
==25407==    by 0x5A1B451: TRint::Run(bool) (in /home/marc/LinuxSystemFiles/ROOT/root-5.34.09/install/lib/libRint.so)
==25407==    by 0x400FAB: main (in /home/marc/LinuxSystemFiles/ROOT/root-5.34.09/install/bin/root.exe)


Note: see also the FAQ in the source distribution.
It contains workarounds to several common problems.
In particular, if Valgrind aborted or crashed after
identifying problems in your program, there's a good chance
that fixing those problems will prevent Valgrind aborting or
crashing, especially if it happened in m_mallocfree.c.

If that doesn't help, please report this bug to: www.valgrind.org

In the bug report, send all the above text, the valgrind
version, and what OS and version you are using.  Thanks.

